2024-03-22 04:24:41,901 - INFO - Iniciando el script de web scraping...
2024-03-22 04:27:23,752 - INFO - Iniciando el script de web scraping...
2024-03-22 04:27:31,466 - INFO - Iniciando el script de web scraping...
2024-03-22 04:28:55,451 - INFO - Iniciando el script de web scraping...
2024-03-22 04:28:55,762 - INFO - Cargando la pagina web: https://afdc.energy.gov/vehicle-registration
2024-03-22 04:28:55,812 - INFO - Datos guardados exitosamente en Electric_vehicles_by_state.csv
2024-03-22 04:29:11,414 - INFO - Iniciando el script de web scraping...
2024-03-22 04:29:11,578 - INFO - Cargando la pagina web: https://afdc.energy.gov/vehicle-registration
2024-03-22 04:29:11,629 - INFO - Datos guardados exitosamente en Electric_vehicles_by_state.csv
2024-03-22 04:35:59,760 - INFO - Iniciando el script de web scraping...
2024-03-22 04:36:00,036 - INFO - Cargando la pagina web: https://afdc.energy.gov/vehicle-registration
2024-03-22 04:36:00,089 - INFO - Datos guardados exitosamente en /workspaces/Machine-Learning-Final-Project/src/data/raw/Electric_vehicles_by_state.csv
2024-03-22 04:40:45,553 - INFO - Iniciando el script de web scraping...
2024-03-22 04:40:45,824 - INFO - Cargando la pagina web: https://afdc.energy.gov/vehicle-registration
2024-03-22 04:40:45,890 - INFO - Datos guardados exitosamente en /workspaces/Machine-Learning-Final-Project/src/data/raw/Electric_vehicles_by_state.csv
2024-03-22 04:41:27,679 - INFO - Iniciando el script de web scraping...
2024-03-22 04:41:27,854 - INFO - Cargando la pagina web: https://afdc.energy.gov/vehicle-registration
2024-03-22 04:43:23,355 - INFO - Iniciando el script de web scraping...
2024-03-22 04:43:23,533 - INFO - Cargando la pagina web: https://afdc.energy.gov/vehicle-registration
2024-03-22 04:43:23,614 - INFO - Datos guardados exitosamente en /workspaces/Machine-Learning-Final-Project/data/raw/Electric_vehicles_by_state.csv
2024-03-22 05:14:57,312 - INFO - Iniciando el script de web scraping...
2024-03-22 05:14:57,530 - INFO - Cargando la pagina web: https://www.census.gov/geographies/reference-files/2010/geo/state-area.html
2024-03-22 05:20:28,602 - INFO - Starting web scraping script...
2024-03-22 05:20:28,817 - INFO - Loading webpage: https://www.census.gov/geographies/reference-files/2010/geo/state-area.html
2024-03-22 05:21:28,703 - INFO - Starting web scraping script...
2024-03-22 05:21:28,762 - INFO - Loading webpage: https://www.census.gov/geographies/reference-files/2010/geo/state-area.html
2024-03-22 05:21:28,841 - ERROR - Table not found on webpage
2024-03-22 05:23:15,446 - INFO - Starting web scraping script...
2024-03-22 05:23:15,691 - INFO - Loading webpage: https://www.census.gov/geographies/reference-files/2010/geo/state-area.html
2024-03-22 05:23:15,808 - ERROR - Table not found on webpage
2024-03-22 05:26:14,580 - INFO - Starting web scraping script...
2024-03-22 05:26:14,701 - INFO - Loading webpage: https://www.census.gov/geographies/reference-files/2010/geo/state-area.html
2024-03-22 05:26:14,861 - ERROR - Table not found on webpage
2024-03-22 05:30:13,059 - INFO - Starting web scraping script...
2024-03-22 05:30:13,308 - INFO - Loading webpage: https://www.census.gov/geographies/reference-files/2010/geo/state-area.html
2024-03-22 05:30:13,419 - ERROR - Table not found on webpage
2024-03-22 05:38:27,669 - INFO - Starting web scraping script...
2024-03-22 05:38:27,859 - INFO - Loading webpage: https://www.census.gov/geographies/reference-files/2010/geo/state-area.html
2024-03-22 05:38:27,965 - ERROR - Table not found on webpage
2024-03-22 05:40:13,362 - INFO - Starting web scraping script...
2024-03-22 05:40:13,545 - INFO - Loading webpage: https://www.census.gov/geographies/reference-files/2010/geo/state-area.html
2024-03-22 05:40:13,621 - ERROR - Table not found on webpage
2024-03-22 05:45:09,068 - INFO - Starting the web scraping script...
2024-03-22 05:45:09,270 - INFO - Loading webpage: https://www.census.gov/geographies/reference-files/2010/geo/state-area.html
2024-03-22 05:45:09,395 - INFO - Table found. Extracting data...
2024-03-22 05:45:57,381 - INFO - Starting the web scraping script...
2024-03-22 05:45:57,512 - INFO - Loading webpage: https://www.census.gov/geographies/reference-files/2010/geo/state-area.html
2024-03-22 05:45:57,593 - INFO - Table found. Extracting data...
2024-03-22 05:46:11,677 - INFO - Starting the web scraping script...
2024-03-22 05:46:11,752 - INFO - Loading webpage: https://www.census.gov/geographies/reference-files/2010/geo/state-area.html
2024-03-22 05:46:11,842 - INFO - Table found. Extracting data...
2024-03-22 05:48:28,963 - INFO - Starting the web scraping script...
2024-03-22 05:48:29,204 - INFO - Loading webpage: https://www.census.gov/geographies/reference-files/2010/geo/state-area.html
2024-03-22 05:48:29,287 - INFO - Table found. Extracting data...
2024-03-22 05:50:17,005 - INFO - Starting the web scraping script...
2024-03-22 05:50:17,089 - INFO - Loading webpage: https://www.census.gov/geographies/reference-files/2010/geo/state-area.html
2024-03-22 05:50:17,177 - INFO - Table found. Extracting data...
2024-03-22 05:50:17,187 - INFO - Number of columns extracted: 6
2024-03-22 05:51:16,904 - INFO - Starting the web scraping script...
2024-03-22 05:51:17,051 - INFO - Loading webpage: https://www.census.gov/geographies/reference-files/2010/geo/state-area.html
2024-03-22 05:51:17,138 - INFO - Table found. Extracting data...
2024-03-22 05:51:17,150 - INFO - Data row: ['State and other areas2', 'Total Area', 'Land Area1', 'Water Area1', 'Internal Point -Latitude Value', 'Internal Point -Longitude Value']
2024-03-22 05:51:17,150 - INFO - Data row: ['Total', 'Inland', 'Coastal', 'Great Lakes', 'Territorial']
2024-03-22 05:51:17,151 - INFO - Data row: ['Sq. Mi.', 'Sq. Km.', 'Sq. Mi.', 'Sq. Km.', 'Sq. Mi.', 'Sq. Km.', 'Sq. Mi.', 'Sq. Km.', 'Sq. Mi.', 'Sq. Km.', 'Sq. Mi.', 'Sq. Km.', 'Sq. Mi.', 'Sq. Km.']
2024-03-22 05:51:17,151 - INFO - Data row: ['Total3', '3,805,927', '9,857,306', '3,535,932', '9,158,022', '269,995', '699,284', '85,763', '222,125', '42,371', '109,742', '60,094', '155,643', '81,767', '211,774', '', '']
2024-03-22 05:51:17,151 - INFO - Data row: ['', '', '', '', '', '', '', '', '', '', '', '', '', '', '', '', '']
2024-03-22 05:51:17,151 - INFO - Data row: ['United States4', '3,796,742', '9,833,517', '3,531,905', '9,147,593', '264,837', '685,924', '85,647', '221,824', '42,337', '109,652', '60,094', '155,643', '76,759', '198,806', '', '']
2024-03-22 05:51:17,151 - INFO - Data row: ['Alabama', '52,420', '135,767', '50,645', '131,171', '1,775', '4,597', '1,058', '2,740', '517', '1,340', '—', '—', '199', '516', '+32.7396323', '-086.8434593']
2024-03-22 05:51:17,152 - INFO - Data row: ['Alaska', '665,384', '1,723,337', '570,641', '1,477,953', '94,743', '245,383', '19,304', '49,997', '26,119', '67,647', '—', '—', '49,320', '127,739', '+63.3461910', '-152.8370679']
2024-03-22 05:51:17,152 - INFO - Data row: ['Arizona', '113,990', '295,234', '113,594', '294,207', '396', '1,026', '396', '1,026', '—', '—', '—', '—', '—', '—', '+34.2099643', '-111.6024010']
2024-03-22 05:51:17,152 - INFO - Data row: ['Arkansas', '53,179', '137,732', '52,035', '134,771', '1,143', '2,961', '1,143', '2,961', '—', '—', '—', '—', '—', '—', '+34.8955256', '-092.4446262']
2024-03-22 05:51:17,152 - INFO - Data row: ['California', '163,695', '423,967', '155,779', '403,466', '7,916', '20,501', '2,833', '7,339', '245', '634', '—', '—', '4,837', '12,528', '+37.1485730', '-119.5406515']
2024-03-22 05:51:17,152 - INFO - Data row: ['Colorado', '104,094', '269,601', '103,642', '268,431', '452', '1,170', '452', '1,170', '—', '—', '—', '—', '—', '—', '+38.9935752', '-105.5077737']
2024-03-22 05:51:17,153 - INFO - Data row: ['Connecticut', '5,543', '14,357', '4,842', '12,542', '701', '1,816', '171', '443', '530', '1,372', '—', '—', '—', '—', '+41.5797842', '-072.7466666']
2024-03-22 05:51:17,153 - INFO - Data row: ['Delaware', '2,489', '6,446', '1,949', '5,047', '540', '1,399', '91', '237', '355', '920', '—', '—', '94', '242', '+38.9935501', '-075.4473739']
2024-03-22 05:51:17,153 - INFO - Data row: ['District of Columbia', '68', '177', '61', '158', '7', '19', '7', '19', '—', '—', '—', '—', '—', '—', '+38.9041485', '-077.0170942']
2024-03-22 05:51:17,153 - INFO - Data row: ['Florida', '65,758', '170,312', '53,625', '138,887', '12,133', '31,424', '5,027', '13,019', '1,349', '3,495', '—', '—', '5,757', '14,911', '+28.4574302', '-082.4091478']
2024-03-22 05:51:17,153 - INFO - Data row: ['Georgia', '59,425', '153,910', '57,513', '148,959', '1,912', '4,951', '1,412', '3,657', '46', '119', '—', '—', '453', '1,175', '+32.6293840', '-083.4232125']
2024-03-22 05:51:17,153 - INFO - Data row: ['Hawaii', '10,932', '28,313', '6,423', '16,635', '4,509', '11,678', '42', '109', '9', '23', '—', '—', '4,458', '11,546', '+19.8097670', '-155.5061027']
2024-03-22 05:51:17,154 - INFO - Data row: ['Idaho', '83,569', '216,443', '82,643', '214,045', '926', '2,398', '926', '2,398', '—', '—', '—', '—', '—', '—', '+44.3020948', '-114.5956254']
2024-03-22 05:51:17,154 - INFO - Data row: ['Illinois', '57,914', '149,995', '55,519', '143,793', '2,395', '6,202', '820', '2,124', '—', '—', '1,575', '4,078', '—', '—', '+40.1028754', '-089.1526108']
2024-03-22 05:51:17,154 - INFO - Data row: ['Indiana', '36,420', '94,326', '35,826', '92,789', '593', '1,537', '361', '935', '—', '—', '233', '602', '—', '—', '+39.9030256', '-086.2839503']
2024-03-22 05:51:17,154 - INFO - Data row: ['Iowa', '56,273', '145,746', '55,857', '144,669', '416', '1,077', '416', '1,077', '—', '—', '—', '—', '—', '—', '+42.0700243', '-093.4933473']
2024-03-22 05:51:17,154 - INFO - Data row: ['Kansas', '82,278', '213,100', '81,759', '211,754', '520', '1,346', '520', '1,346', '—', '—', '—', '—', '—', '—', '+38.4985464', '-098.3834298']
2024-03-22 05:51:17,154 - INFO - Data row: ['Kentucky', '40,408', '104,656', '39,486', '102,269', '921', '2,387', '921', '2,387', '—', '—', '—', '—', '—', '—', '+37.5336807', '-085.2929841']
2024-03-22 05:51:17,155 - INFO - Data row: ['Louisiana', '52,378', '135,659', '43,204', '111,898', '9,174', '23,761', '4,562', '11,815', '2,880', '7,460', '—', '—', '1,732', '4,486', '+30.8577705', '-091.8032730']
2024-03-22 05:51:17,155 - INFO - Data row: ['Maine', '35,380', '91,633', '30,843', '79,883', '4,537', '11,750', '2,314', '5,992', '591', '1,530', '—', '—', '1,633', '4,228', '+45.3906022', '-068.6574869']
2024-03-22 05:51:17,155 - INFO - Data row: ['Maryland', '12,406', '32,131', '9,707', '25,142', '2,699', '6,990', '768', '1,990', '1,820', '4,714', '—', '—', '111', '286', '+38.9466584', '-076.6744939']
2024-03-22 05:51:17,155 - INFO - Data row: ['Massachusetts', '10,554', '27,336', '7,800', '20,202', '2,754', '7,134', '486', '1,258', '1,177', '3,048', '—', '—', '1,092', '2,829', '+42.1565196', '-071.4895915']
2024-03-22 05:51:17,155 - INFO - Data row: ['Michigan', '96,714', '250,487', '56,539', '146,435', '40,175', '104,052', '2,001', '5,182', '—', '—', '38,174', '98,870', '—', '—', '+44.8410835', '-085.6593197']
2024-03-22 05:51:17,155 - INFO - Data row: ['Minnesota', '86,936', '225,163', '79,627', '206,232', '7,309', '18,930', '4,763', '12,336', '—', '—', '2,546', '6,594', '—', '—', '+46.3161343', '-094.1994801']
2024-03-22 05:51:17,156 - INFO - Data row: ['Mississippi', '48,432', '125,438', '46,923', '121,531', '1,509', '3,907', '769', '1,992', '616', '1,596', '—', '—', '123', '318', '+32.6864655', '-089.6561493']
2024-03-22 05:51:17,156 - INFO - Data row: ['Missouri', '69,707', '180,540', '68,742', '178,040', '965', '2,501', '965', '2,501', '—', '—', '—', '—', '—', '—', '+38.3507500', '-092.4567826']
2024-03-22 05:51:17,156 - INFO - Data row: ['Montana', '147,040', '380,831', '145,546', '376,962', '1,494', '3,869', '1,494', '3,869', '—', '—', '—', '—', '—', '—', '+47.0511771', '-109.6348174']
2024-03-22 05:51:17,156 - INFO - Data row: ['Nebraska', '77,348', '200,330', '76,824', '198,974', '524', '1,356', '524', '1,356', '—', '—', '—', '—', '—', '—', '+41.5438105', '-099.8123253']
2024-03-22 05:51:17,156 - INFO - Data row: ['Nevada', '110,572', '286,380', '109,781', '284,332', '791', '2,048', '791', '2,048', '—', '—', '—', '—', '—', '—', '+39.3310928', '-116.6151469']
2024-03-22 05:51:17,156 - INFO - Data row: ['New Hampshire', '9,349', '24,214', '8,953', '23,187', '397', '1,027', '328', '849', '—', '—', '—', '—', '69', '178', '+43.6708595', '-071.5811278']
2024-03-22 05:51:17,157 - INFO - Data row: ['New Jersey', '8,723', '22,591', '7,354', '19,047', '1,368', '3,544', '436', '1,128', '427', '1,105', '—', '—', '506', '1,311', '+40.1072744', '-074.6652012']
2024-03-22 05:51:17,157 - INFO - Data row: ['New Mexico', '121,590', '314,917', '121,298', '314,161', '292', '757', '292', '757', '—', '—', '—', '—', '—', '—', '+34.4391265', '-106.1261511']
2024-03-22 05:51:17,157 - INFO - Data row: ['New York', '54,555', '141,297', '47,126', '122,057', '7,429', '19,240', '1,989', '5,151', '975', '2,526', '3,986', '10,324', '479', '1,240', '+42.9133974', '-075.5962723']
2024-03-22 05:51:17,157 - INFO - Data row: ['North Carolina', '53,819', '139,391', '48,618', '125,920', '5,201', '13,471', '4,052', '10,495', '—', '—', '—', '—', '1,149', '2,976', '+35.5397100', '-079.1308636']
2024-03-22 05:51:17,157 - INFO - Data row: ['North Dakota', '70,698', '183,108', '69,001', '178,711', '1,698', '4,397', '1,698', '4,397', '—', '—', '—', '—', '—', '—', '+47.4569538', '-100.4619304']
2024-03-22 05:51:17,157 - INFO - Data row: ['Ohio', '44,826', '116,098', '40,861', '105,829', '3,965', '10,269', '474', '1,227', '—', '—', '3,491', '9,042', '—', '—', '+40.4149297', '-082.7119975']
2024-03-22 05:51:17,158 - INFO - Data row: ['Oklahoma', '69,899', '181,037', '68,595', '177,660', '1,304', '3,377', '1,304', '3,377', '—', '—', '—', '—', '—', '—', '+35.5894185', '-097.4868683']
2024-03-22 05:51:17,158 - INFO - Data row: ['Oregon', '98,379', '254,799', '95,988', '248,608', '2,391', '6,191', '1,068', '2,766', '72', '186', '—', '—', '1,251', '3,240', '+43.9715225', '-120.6226269']
2024-03-22 05:51:17,158 - INFO - Data row: ['Pennsylvania', '46,054', '119,280', '44,743', '115,883', '1,312', '3,397', '563', '1,459', '—', '—', '748', '1,938', '—', '—', '+40.9042486', '-077.8280624']
2024-03-22 05:51:17,158 - INFO - Data row: ['Rhode Island', '1,545', '4,001', '1,034', '2,678', '511', '1,324', '182', '470', '64', '165', '—', '—', '266', '688', '+41.5978358', '-071.5252895']
2024-03-22 05:51:17,158 - INFO - Data row: ['South Carolina', '32,020', '82,933', '30,061', '77,857', '1,960', '5,076', '1,064', '2,755', '110', '286', '—', '—', '786', '2,036', '+33.8741769', '-080.8542699']
2024-03-22 05:51:17,158 - INFO - Data row: ['South Dakota', '77,116', '199,729', '75,811', '196,350', '1,305', '3,379', '1,305', '3,379', '—', '—', '—', '—', '—', '—', '+44.4467957', '-100.2381762']
2024-03-22 05:51:17,159 - INFO - Data row: ['Tennessee', '42,144', '109,153', '41,235', '106,798', '909', '2,355', '909', '2,355', '—', '—', '—', '—', '—', '—', '+35.8585639', '-086.3493573']
2024-03-22 05:51:17,159 - INFO - Data row: ['Texas', '268,596', '695,662', '261,232', '676,587', '7,365', '19,075', '5,616', '14,546', '401', '1,040', '—', '—', '1,347', '3,489', '+31.4347032', '-099.2818238']
2024-03-22 05:51:17,159 - INFO - Data row: ['Utah', '84,897', '219,882', '82,170', '212,818', '2,727', '7,064', '2,727', '7,064', '—', '—', '—', '—', '—', '—', '+39.3349735', '-111.6563633']
2024-03-22 05:51:17,159 - INFO - Data row: ['Vermont', '9,616', '24,906', '9,217', '23,871', '400', '1,035', '400', '1,035', '—', '—', '—', '—', '—', '—', '+44.0605475', '-072.6733540']
2024-03-22 05:51:17,159 - INFO - Data row: ['Virginia', '42,775', '110,787', '39,490', '102,279', '3,285', '8,508', '1,282', '3,320', '1,565', '4,053', '—', '—', '438', '1,135', '+37.5222512', '-078.6681938']
2024-03-22 05:51:17,159 - INFO - Data row: ['Washington', '71,298', '184,661', '66,456', '172,119', '4,842', '12,542', '1,715', '4,441', '2,468', '6,392', '—', '—', '660', '1,709', '+47.4162296', '-120.5996231']
2024-03-22 05:51:17,160 - INFO - Data row: ['West Virginia', '24,230', '62,756', '24,038', '62,259', '192', '497', '192', '497', '—', '—', '—', '—', '—', '—', '+38.6472854', '-080.6183274']
2024-03-22 05:51:17,160 - INFO - Data row: ['Wisconsin', '65,496', '169,635', '54,158', '140,268', '11,339', '29,367', '1,997', '5,172', '—', '—', '9,342', '24,195', '—', '—', '+44.6284840', '-089.7119299']
2024-03-22 05:51:17,160 - INFO - Data row: ['Wyoming', '97,813', '253,335', '97,093', '251,470', '720', '1,864', '720', '1,864', '—', '—', '—', '—', '—', '—', '+42.9918024', '-107.5419255']
2024-03-22 05:51:17,160 - INFO - Data row: ['', '', '', '', '', '', '', '', '', '', '', '', '', '', '', '', '']
2024-03-22 05:51:17,160 - INFO - Data row: ['Puerto Rico', '5,325', '13,791', '3,424', '8,868', '1,901', '4,924', '76', '198', '13', '34', '—', '—', '1,812', '4,692', '+18.2176480', '-066.4107992']
2024-03-22 05:51:17,160 - INFO - Data row: ['', '', '', '', '', '', '', '', '', '', '', '', '', '', '', '', '']
2024-03-22 05:51:17,161 - INFO - Data row: ['Island Areas:5', '3,860', '9,998', '603', '1,562', '3,257', '8,436', '40', '104', '22', '56', '—', '—', '3,196', '8,277', '', '']
2024-03-22 05:51:17,161 - INFO - Data row: ['American Samoa', '581', '1,505', '76', '198', '505', '1,307', '8', '21', '—', '—', '—', '—', '497', '1,286', '-14.2638166', '-170.6620902']
2024-03-22 05:51:17,161 - INFO - Data row: ['Guam', '571', '1,478', '210', '543', '361', '935', '8', '21', '1', '2', '—', '—', '352', '911', '+13.4383000', '+144.7729285']
2024-03-22 05:51:17,161 - INFO - Data row: ['Northern Mariana Islands', '1,976', '5,117', '182', '472', '1,793', '4,644', '6', '16', '5', '13', '—', '—', '1,782', '4,615', '+14.9367835', '+145.6010210']
2024-03-22 05:51:17,161 - INFO - Data row: ['U.S. Virgin Islands', '733', '1,898', '134', '348', '599', '1,550', '18', '46', '16', '40', '—', '—', '565', '1,464', '+18.3267485', '-064.9712501']
2024-03-22 05:51:17,161 - INFO - Number of columns extracted: 6
2024-03-22 05:52:25,742 - INFO - Starting the web scraping script...
2024-03-22 05:52:25,918 - INFO - Loading webpage: https://www.census.gov/geographies/reference-files/2010/geo/state-area.html
2024-03-22 05:52:25,999 - INFO - Table found. Extracting data...
2024-03-22 05:52:26,009 - INFO - Data row: ['State and other areas2', 'Total Area', 'Land Area1', 'Water Area1', 'Internal Point -Latitude Value', 'Internal Point -Longitude Value']
2024-03-22 05:52:26,009 - INFO - Data row: ['Total', 'Inland', 'Coastal', 'Great Lakes', 'Territorial']
2024-03-22 05:52:26,010 - INFO - Data row: ['Sq. Mi.', 'Sq. Km.', 'Sq. Mi.', 'Sq. Km.', 'Sq. Mi.', 'Sq. Km.', 'Sq. Mi.', 'Sq. Km.', 'Sq. Mi.', 'Sq. Km.', 'Sq. Mi.', 'Sq. Km.', 'Sq. Mi.', 'Sq. Km.']
2024-03-22 05:52:26,010 - INFO - Data row: ['Total3', '3,805,927', '9,857,306', '3,535,932', '9,158,022', '269,995', '699,284', '85,763', '222,125', '42,371', '109,742', '60,094', '155,643', '81,767', '211,774', '', '']
2024-03-22 05:52:26,010 - INFO - Data row: ['', '', '', '', '', '', '', '', '', '', '', '', '', '', '', '', '']
2024-03-22 05:52:26,010 - INFO - Data row: ['United States4', '3,796,742', '9,833,517', '3,531,905', '9,147,593', '264,837', '685,924', '85,647', '221,824', '42,337', '109,652', '60,094', '155,643', '76,759', '198,806', '', '']
2024-03-22 05:52:26,010 - INFO - Data row: ['Alabama', '52,420', '135,767', '50,645', '131,171', '1,775', '4,597', '1,058', '2,740', '517', '1,340', '—', '—', '199', '516', '+32.7396323', '-086.8434593']
2024-03-22 05:52:26,010 - INFO - Data row: ['Alaska', '665,384', '1,723,337', '570,641', '1,477,953', '94,743', '245,383', '19,304', '49,997', '26,119', '67,647', '—', '—', '49,320', '127,739', '+63.3461910', '-152.8370679']
2024-03-22 05:52:26,011 - INFO - Data row: ['Arizona', '113,990', '295,234', '113,594', '294,207', '396', '1,026', '396', '1,026', '—', '—', '—', '—', '—', '—', '+34.2099643', '-111.6024010']
2024-03-22 05:52:26,011 - INFO - Data row: ['Arkansas', '53,179', '137,732', '52,035', '134,771', '1,143', '2,961', '1,143', '2,961', '—', '—', '—', '—', '—', '—', '+34.8955256', '-092.4446262']
2024-03-22 05:52:26,011 - INFO - Data row: ['California', '163,695', '423,967', '155,779', '403,466', '7,916', '20,501', '2,833', '7,339', '245', '634', '—', '—', '4,837', '12,528', '+37.1485730', '-119.5406515']
2024-03-22 05:52:26,011 - INFO - Data row: ['Colorado', '104,094', '269,601', '103,642', '268,431', '452', '1,170', '452', '1,170', '—', '—', '—', '—', '—', '—', '+38.9935752', '-105.5077737']
2024-03-22 05:52:26,011 - INFO - Data row: ['Connecticut', '5,543', '14,357', '4,842', '12,542', '701', '1,816', '171', '443', '530', '1,372', '—', '—', '—', '—', '+41.5797842', '-072.7466666']
2024-03-22 05:52:26,011 - INFO - Data row: ['Delaware', '2,489', '6,446', '1,949', '5,047', '540', '1,399', '91', '237', '355', '920', '—', '—', '94', '242', '+38.9935501', '-075.4473739']
2024-03-22 05:52:26,011 - INFO - Data row: ['District of Columbia', '68', '177', '61', '158', '7', '19', '7', '19', '—', '—', '—', '—', '—', '—', '+38.9041485', '-077.0170942']
2024-03-22 05:52:26,012 - INFO - Data row: ['Florida', '65,758', '170,312', '53,625', '138,887', '12,133', '31,424', '5,027', '13,019', '1,349', '3,495', '—', '—', '5,757', '14,911', '+28.4574302', '-082.4091478']
2024-03-22 05:52:26,012 - INFO - Data row: ['Georgia', '59,425', '153,910', '57,513', '148,959', '1,912', '4,951', '1,412', '3,657', '46', '119', '—', '—', '453', '1,175', '+32.6293840', '-083.4232125']
2024-03-22 05:52:26,012 - INFO - Data row: ['Hawaii', '10,932', '28,313', '6,423', '16,635', '4,509', '11,678', '42', '109', '9', '23', '—', '—', '4,458', '11,546', '+19.8097670', '-155.5061027']
2024-03-22 05:52:26,012 - INFO - Data row: ['Idaho', '83,569', '216,443', '82,643', '214,045', '926', '2,398', '926', '2,398', '—', '—', '—', '—', '—', '—', '+44.3020948', '-114.5956254']
2024-03-22 05:52:26,012 - INFO - Data row: ['Illinois', '57,914', '149,995', '55,519', '143,793', '2,395', '6,202', '820', '2,124', '—', '—', '1,575', '4,078', '—', '—', '+40.1028754', '-089.1526108']
2024-03-22 05:52:26,012 - INFO - Data row: ['Indiana', '36,420', '94,326', '35,826', '92,789', '593', '1,537', '361', '935', '—', '—', '233', '602', '—', '—', '+39.9030256', '-086.2839503']
2024-03-22 05:52:26,013 - INFO - Data row: ['Iowa', '56,273', '145,746', '55,857', '144,669', '416', '1,077', '416', '1,077', '—', '—', '—', '—', '—', '—', '+42.0700243', '-093.4933473']
2024-03-22 05:52:26,013 - INFO - Data row: ['Kansas', '82,278', '213,100', '81,759', '211,754', '520', '1,346', '520', '1,346', '—', '—', '—', '—', '—', '—', '+38.4985464', '-098.3834298']
2024-03-22 05:52:26,013 - INFO - Data row: ['Kentucky', '40,408', '104,656', '39,486', '102,269', '921', '2,387', '921', '2,387', '—', '—', '—', '—', '—', '—', '+37.5336807', '-085.2929841']
2024-03-22 05:52:26,013 - INFO - Data row: ['Louisiana', '52,378', '135,659', '43,204', '111,898', '9,174', '23,761', '4,562', '11,815', '2,880', '7,460', '—', '—', '1,732', '4,486', '+30.8577705', '-091.8032730']
2024-03-22 05:52:26,013 - INFO - Data row: ['Maine', '35,380', '91,633', '30,843', '79,883', '4,537', '11,750', '2,314', '5,992', '591', '1,530', '—', '—', '1,633', '4,228', '+45.3906022', '-068.6574869']
2024-03-22 05:52:26,013 - INFO - Data row: ['Maryland', '12,406', '32,131', '9,707', '25,142', '2,699', '6,990', '768', '1,990', '1,820', '4,714', '—', '—', '111', '286', '+38.9466584', '-076.6744939']
2024-03-22 05:52:26,013 - INFO - Data row: ['Massachusetts', '10,554', '27,336', '7,800', '20,202', '2,754', '7,134', '486', '1,258', '1,177', '3,048', '—', '—', '1,092', '2,829', '+42.1565196', '-071.4895915']
2024-03-22 05:52:26,014 - INFO - Data row: ['Michigan', '96,714', '250,487', '56,539', '146,435', '40,175', '104,052', '2,001', '5,182', '—', '—', '38,174', '98,870', '—', '—', '+44.8410835', '-085.6593197']
2024-03-22 05:52:26,014 - INFO - Data row: ['Minnesota', '86,936', '225,163', '79,627', '206,232', '7,309', '18,930', '4,763', '12,336', '—', '—', '2,546', '6,594', '—', '—', '+46.3161343', '-094.1994801']
2024-03-22 05:52:26,014 - INFO - Data row: ['Mississippi', '48,432', '125,438', '46,923', '121,531', '1,509', '3,907', '769', '1,992', '616', '1,596', '—', '—', '123', '318', '+32.6864655', '-089.6561493']
2024-03-22 05:52:26,014 - INFO - Data row: ['Missouri', '69,707', '180,540', '68,742', '178,040', '965', '2,501', '965', '2,501', '—', '—', '—', '—', '—', '—', '+38.3507500', '-092.4567826']
2024-03-22 05:52:26,014 - INFO - Data row: ['Montana', '147,040', '380,831', '145,546', '376,962', '1,494', '3,869', '1,494', '3,869', '—', '—', '—', '—', '—', '—', '+47.0511771', '-109.6348174']
2024-03-22 05:52:26,014 - INFO - Data row: ['Nebraska', '77,348', '200,330', '76,824', '198,974', '524', '1,356', '524', '1,356', '—', '—', '—', '—', '—', '—', '+41.5438105', '-099.8123253']
2024-03-22 05:52:26,015 - INFO - Data row: ['Nevada', '110,572', '286,380', '109,781', '284,332', '791', '2,048', '791', '2,048', '—', '—', '—', '—', '—', '—', '+39.3310928', '-116.6151469']
2024-03-22 05:52:26,015 - INFO - Data row: ['New Hampshire', '9,349', '24,214', '8,953', '23,187', '397', '1,027', '328', '849', '—', '—', '—', '—', '69', '178', '+43.6708595', '-071.5811278']
2024-03-22 05:52:26,015 - INFO - Data row: ['New Jersey', '8,723', '22,591', '7,354', '19,047', '1,368', '3,544', '436', '1,128', '427', '1,105', '—', '—', '506', '1,311', '+40.1072744', '-074.6652012']
2024-03-22 05:52:26,015 - INFO - Data row: ['New Mexico', '121,590', '314,917', '121,298', '314,161', '292', '757', '292', '757', '—', '—', '—', '—', '—', '—', '+34.4391265', '-106.1261511']
2024-03-22 05:52:26,015 - INFO - Data row: ['New York', '54,555', '141,297', '47,126', '122,057', '7,429', '19,240', '1,989', '5,151', '975', '2,526', '3,986', '10,324', '479', '1,240', '+42.9133974', '-075.5962723']
2024-03-22 05:52:26,015 - INFO - Data row: ['North Carolina', '53,819', '139,391', '48,618', '125,920', '5,201', '13,471', '4,052', '10,495', '—', '—', '—', '—', '1,149', '2,976', '+35.5397100', '-079.1308636']
2024-03-22 05:52:26,015 - INFO - Data row: ['North Dakota', '70,698', '183,108', '69,001', '178,711', '1,698', '4,397', '1,698', '4,397', '—', '—', '—', '—', '—', '—', '+47.4569538', '-100.4619304']
2024-03-22 05:52:26,016 - INFO - Data row: ['Ohio', '44,826', '116,098', '40,861', '105,829', '3,965', '10,269', '474', '1,227', '—', '—', '3,491', '9,042', '—', '—', '+40.4149297', '-082.7119975']
2024-03-22 05:52:26,016 - INFO - Data row: ['Oklahoma', '69,899', '181,037', '68,595', '177,660', '1,304', '3,377', '1,304', '3,377', '—', '—', '—', '—', '—', '—', '+35.5894185', '-097.4868683']
2024-03-22 05:52:26,016 - INFO - Data row: ['Oregon', '98,379', '254,799', '95,988', '248,608', '2,391', '6,191', '1,068', '2,766', '72', '186', '—', '—', '1,251', '3,240', '+43.9715225', '-120.6226269']
2024-03-22 05:52:26,016 - INFO - Data row: ['Pennsylvania', '46,054', '119,280', '44,743', '115,883', '1,312', '3,397', '563', '1,459', '—', '—', '748', '1,938', '—', '—', '+40.9042486', '-077.8280624']
2024-03-22 05:52:26,016 - INFO - Data row: ['Rhode Island', '1,545', '4,001', '1,034', '2,678', '511', '1,324', '182', '470', '64', '165', '—', '—', '266', '688', '+41.5978358', '-071.5252895']
2024-03-22 05:52:26,016 - INFO - Data row: ['South Carolina', '32,020', '82,933', '30,061', '77,857', '1,960', '5,076', '1,064', '2,755', '110', '286', '—', '—', '786', '2,036', '+33.8741769', '-080.8542699']
2024-03-22 05:52:26,017 - INFO - Data row: ['South Dakota', '77,116', '199,729', '75,811', '196,350', '1,305', '3,379', '1,305', '3,379', '—', '—', '—', '—', '—', '—', '+44.4467957', '-100.2381762']
2024-03-22 05:52:26,017 - INFO - Data row: ['Tennessee', '42,144', '109,153', '41,235', '106,798', '909', '2,355', '909', '2,355', '—', '—', '—', '—', '—', '—', '+35.8585639', '-086.3493573']
2024-03-22 05:52:26,017 - INFO - Data row: ['Texas', '268,596', '695,662', '261,232', '676,587', '7,365', '19,075', '5,616', '14,546', '401', '1,040', '—', '—', '1,347', '3,489', '+31.4347032', '-099.2818238']
2024-03-22 05:52:26,017 - INFO - Data row: ['Utah', '84,897', '219,882', '82,170', '212,818', '2,727', '7,064', '2,727', '7,064', '—', '—', '—', '—', '—', '—', '+39.3349735', '-111.6563633']
2024-03-22 05:52:26,017 - INFO - Data row: ['Vermont', '9,616', '24,906', '9,217', '23,871', '400', '1,035', '400', '1,035', '—', '—', '—', '—', '—', '—', '+44.0605475', '-072.6733540']
2024-03-22 05:52:26,017 - INFO - Data row: ['Virginia', '42,775', '110,787', '39,490', '102,279', '3,285', '8,508', '1,282', '3,320', '1,565', '4,053', '—', '—', '438', '1,135', '+37.5222512', '-078.6681938']
2024-03-22 05:52:26,017 - INFO - Data row: ['Washington', '71,298', '184,661', '66,456', '172,119', '4,842', '12,542', '1,715', '4,441', '2,468', '6,392', '—', '—', '660', '1,709', '+47.4162296', '-120.5996231']
2024-03-22 05:52:26,018 - INFO - Data row: ['West Virginia', '24,230', '62,756', '24,038', '62,259', '192', '497', '192', '497', '—', '—', '—', '—', '—', '—', '+38.6472854', '-080.6183274']
2024-03-22 05:52:26,018 - INFO - Data row: ['Wisconsin', '65,496', '169,635', '54,158', '140,268', '11,339', '29,367', '1,997', '5,172', '—', '—', '9,342', '24,195', '—', '—', '+44.6284840', '-089.7119299']
2024-03-22 05:52:26,018 - INFO - Data row: ['Wyoming', '97,813', '253,335', '97,093', '251,470', '720', '1,864', '720', '1,864', '—', '—', '—', '—', '—', '—', '+42.9918024', '-107.5419255']
2024-03-22 05:52:26,018 - INFO - Data row: ['', '', '', '', '', '', '', '', '', '', '', '', '', '', '', '', '']
2024-03-22 05:52:26,018 - INFO - Data row: ['Puerto Rico', '5,325', '13,791', '3,424', '8,868', '1,901', '4,924', '76', '198', '13', '34', '—', '—', '1,812', '4,692', '+18.2176480', '-066.4107992']
2024-03-22 05:52:26,018 - INFO - Data row: ['', '', '', '', '', '', '', '', '', '', '', '', '', '', '', '', '']
2024-03-22 05:52:26,019 - INFO - Data row: ['Island Areas:5', '3,860', '9,998', '603', '1,562', '3,257', '8,436', '40', '104', '22', '56', '—', '—', '3,196', '8,277', '', '']
2024-03-22 05:52:26,019 - INFO - Data row: ['American Samoa', '581', '1,505', '76', '198', '505', '1,307', '8', '21', '—', '—', '—', '—', '497', '1,286', '-14.2638166', '-170.6620902']
2024-03-22 05:52:26,019 - INFO - Data row: ['Guam', '571', '1,478', '210', '543', '361', '935', '8', '21', '1', '2', '—', '—', '352', '911', '+13.4383000', '+144.7729285']
2024-03-22 05:52:26,019 - INFO - Data row: ['Northern Mariana Islands', '1,976', '5,117', '182', '472', '1,793', '4,644', '6', '16', '5', '13', '—', '—', '1,782', '4,615', '+14.9367835', '+145.6010210']
2024-03-22 05:52:26,019 - INFO - Data row: ['U.S. Virgin Islands', '733', '1,898', '134', '348', '599', '1,550', '18', '46', '16', '40', '—', '—', '565', '1,464', '+18.3267485', '-064.9712501']
2024-03-22 05:53:51,006 - INFO - Starting the web scraping script...
2024-03-22 05:53:51,062 - INFO - Loading webpage: https://www.census.gov/geographies/reference-files/2010/geo/state-area.html
2024-03-22 05:53:51,141 - INFO - Table found. Extracting data...
2024-03-22 05:53:51,151 - INFO - Data row: ['State and other areas2', 'Total Area', 'Land Area1', 'Water Area1', 'Internal Point -Latitude Value']
2024-03-22 05:53:51,152 - INFO - Data row: ['Total', 'Inland', 'Coastal', 'Great Lakes', 'Territorial']
2024-03-22 05:53:51,152 - INFO - Data row: ['Sq. Mi.', 'Sq. Km.', 'Sq. Mi.', 'Sq. Km.', 'Sq. Mi.']
2024-03-22 05:53:51,152 - INFO - Data row: ['Total3', '3,805,927', '9,857,306', '3,535,932', '9,158,022']
2024-03-22 05:53:51,152 - INFO - Data row: ['', '', '', '', '']
2024-03-22 05:53:51,152 - INFO - Data row: ['United States4', '3,796,742', '9,833,517', '3,531,905', '9,147,593']
2024-03-22 05:53:51,153 - INFO - Data row: ['Alabama', '52,420', '135,767', '50,645', '131,171']
2024-03-22 05:53:51,153 - INFO - Data row: ['Alaska', '665,384', '1,723,337', '570,641', '1,477,953']
2024-03-22 05:53:51,153 - INFO - Data row: ['Arizona', '113,990', '295,234', '113,594', '294,207']
2024-03-22 05:53:51,153 - INFO - Data row: ['Arkansas', '53,179', '137,732', '52,035', '134,771']
2024-03-22 05:53:51,153 - INFO - Data row: ['California', '163,695', '423,967', '155,779', '403,466']
2024-03-22 05:53:51,153 - INFO - Data row: ['Colorado', '104,094', '269,601', '103,642', '268,431']
2024-03-22 05:53:51,154 - INFO - Data row: ['Connecticut', '5,543', '14,357', '4,842', '12,542']
2024-03-22 05:53:51,154 - INFO - Data row: ['Delaware', '2,489', '6,446', '1,949', '5,047']
2024-03-22 05:53:51,154 - INFO - Data row: ['District of Columbia', '68', '177', '61', '158']
2024-03-22 05:53:51,154 - INFO - Data row: ['Florida', '65,758', '170,312', '53,625', '138,887']
2024-03-22 05:53:51,154 - INFO - Data row: ['Georgia', '59,425', '153,910', '57,513', '148,959']
2024-03-22 05:53:51,155 - INFO - Data row: ['Hawaii', '10,932', '28,313', '6,423', '16,635']
2024-03-22 05:53:51,155 - INFO - Data row: ['Idaho', '83,569', '216,443', '82,643', '214,045']
2024-03-22 05:53:51,155 - INFO - Data row: ['Illinois', '57,914', '149,995', '55,519', '143,793']
2024-03-22 05:53:51,155 - INFO - Data row: ['Indiana', '36,420', '94,326', '35,826', '92,789']
2024-03-22 05:53:51,155 - INFO - Data row: ['Iowa', '56,273', '145,746', '55,857', '144,669']
2024-03-22 05:53:51,155 - INFO - Data row: ['Kansas', '82,278', '213,100', '81,759', '211,754']
2024-03-22 05:53:51,156 - INFO - Data row: ['Kentucky', '40,408', '104,656', '39,486', '102,269']
2024-03-22 05:53:51,156 - INFO - Data row: ['Louisiana', '52,378', '135,659', '43,204', '111,898']
2024-03-22 05:53:51,156 - INFO - Data row: ['Maine', '35,380', '91,633', '30,843', '79,883']
2024-03-22 05:53:51,156 - INFO - Data row: ['Maryland', '12,406', '32,131', '9,707', '25,142']
2024-03-22 05:53:51,156 - INFO - Data row: ['Massachusetts', '10,554', '27,336', '7,800', '20,202']
2024-03-22 05:53:51,157 - INFO - Data row: ['Michigan', '96,714', '250,487', '56,539', '146,435']
2024-03-22 05:53:51,157 - INFO - Data row: ['Minnesota', '86,936', '225,163', '79,627', '206,232']
2024-03-22 05:53:51,157 - INFO - Data row: ['Mississippi', '48,432', '125,438', '46,923', '121,531']
2024-03-22 05:53:51,157 - INFO - Data row: ['Missouri', '69,707', '180,540', '68,742', '178,040']
2024-03-22 05:53:51,157 - INFO - Data row: ['Montana', '147,040', '380,831', '145,546', '376,962']
2024-03-22 05:53:51,157 - INFO - Data row: ['Nebraska', '77,348', '200,330', '76,824', '198,974']
2024-03-22 05:53:51,158 - INFO - Data row: ['Nevada', '110,572', '286,380', '109,781', '284,332']
2024-03-22 05:53:51,158 - INFO - Data row: ['New Hampshire', '9,349', '24,214', '8,953', '23,187']
2024-03-22 05:53:51,158 - INFO - Data row: ['New Jersey', '8,723', '22,591', '7,354', '19,047']
2024-03-22 05:53:51,158 - INFO - Data row: ['New Mexico', '121,590', '314,917', '121,298', '314,161']
2024-03-22 05:53:51,158 - INFO - Data row: ['New York', '54,555', '141,297', '47,126', '122,057']
2024-03-22 05:53:51,158 - INFO - Data row: ['North Carolina', '53,819', '139,391', '48,618', '125,920']
2024-03-22 05:53:51,158 - INFO - Data row: ['North Dakota', '70,698', '183,108', '69,001', '178,711']
2024-03-22 05:53:51,159 - INFO - Data row: ['Ohio', '44,826', '116,098', '40,861', '105,829']
2024-03-22 05:53:51,159 - INFO - Data row: ['Oklahoma', '69,899', '181,037', '68,595', '177,660']
2024-03-22 05:53:51,159 - INFO - Data row: ['Oregon', '98,379', '254,799', '95,988', '248,608']
2024-03-22 05:53:51,159 - INFO - Data row: ['Pennsylvania', '46,054', '119,280', '44,743', '115,883']
2024-03-22 05:53:51,159 - INFO - Data row: ['Rhode Island', '1,545', '4,001', '1,034', '2,678']
2024-03-22 05:53:51,159 - INFO - Data row: ['South Carolina', '32,020', '82,933', '30,061', '77,857']
2024-03-22 05:53:51,160 - INFO - Data row: ['South Dakota', '77,116', '199,729', '75,811', '196,350']
2024-03-22 05:53:51,160 - INFO - Data row: ['Tennessee', '42,144', '109,153', '41,235', '106,798']
2024-03-22 05:53:51,160 - INFO - Data row: ['Texas', '268,596', '695,662', '261,232', '676,587']
2024-03-22 05:53:51,160 - INFO - Data row: ['Utah', '84,897', '219,882', '82,170', '212,818']
2024-03-22 05:53:51,160 - INFO - Data row: ['Vermont', '9,616', '24,906', '9,217', '23,871']
2024-03-22 05:53:51,160 - INFO - Data row: ['Virginia', '42,775', '110,787', '39,490', '102,279']
2024-03-22 05:53:51,160 - INFO - Data row: ['Washington', '71,298', '184,661', '66,456', '172,119']
2024-03-22 05:53:51,161 - INFO - Data row: ['West Virginia', '24,230', '62,756', '24,038', '62,259']
2024-03-22 05:53:51,161 - INFO - Data row: ['Wisconsin', '65,496', '169,635', '54,158', '140,268']
2024-03-22 05:53:51,161 - INFO - Data row: ['Wyoming', '97,813', '253,335', '97,093', '251,470']
2024-03-22 05:53:51,161 - INFO - Data row: ['', '', '', '', '']
2024-03-22 05:53:51,161 - INFO - Data row: ['Puerto Rico', '5,325', '13,791', '3,424', '8,868']
2024-03-22 05:53:51,161 - INFO - Data row: ['', '', '', '', '']
2024-03-22 05:53:51,161 - INFO - Data row: ['Island Areas:5', '3,860', '9,998', '603', '1,562']
2024-03-22 05:53:51,162 - INFO - Data row: ['American Samoa', '581', '1,505', '76', '198']
2024-03-22 05:53:51,162 - INFO - Data row: ['Guam', '571', '1,478', '210', '543']
2024-03-22 05:53:51,162 - INFO - Data row: ['Northern Mariana Islands', '1,976', '5,117', '182', '472']
2024-03-22 05:53:51,162 - INFO - Data row: ['U.S. Virgin Islands', '733', '1,898', '134', '348']
2024-03-22 05:53:51,165 - INFO - Data saved successfully to: /workspaces/Machine-Learning-Final-Project/data/raw/States_Areas.csv
